<?xml version="1.0" encoding="UTF-8"?>
<testsuite name="User create" tests="1" skipped="0" failures="0" errors="0" timestamp="2022-03-26T15:43:35" hostname="CRISTIAN" time="51.521">
  <properties/>
  <testcase name="Search the link UTest" classname="User create" time="51.521"/>
  <system-out><![CDATA[LOS MENSAJES COINCIDEN
]]></system-out>
  <system-err><![CDATA[[Test worker] WARN net.thucydides.core.steps.BaseStepListener - stepStarted: net.thucydides.core.steps.ExecutedStepDescription@43009de
[Test worker] WARN net.thucydides.core.steps.BaseStepListener - stepStarted: net.thucydides.core.steps.ExecutedStepDescription@34c61461
[Test worker] WARN net.thucydides.core.steps.BaseStepListener - stepStarted: net.thucydides.core.steps.ExecutedStepDescription@7e458685
mar 26, 2022 10:43:36 AM org.openqa.selenium.remote.DesiredCapabilities chrome
INFORMACIÓN: Using `new ChromeOptions()` is preferred to `DesiredCapabilities.chrome()`
[Test worker] INFO net.serenitybdd.core.webdriver.driverproviders.ProvideNewDriver - Instantiating driver
[Test worker] INFO net.serenitybdd.core.webdriver.driverproviders.ProvideNewDriver - Driver capabilities: Capabilities {acceptInsecureCerts: false, browserName: chrome, chrome.switches: --start-maximized, goog:chromeOptions: {args: [--start-maximized], extensions: []}, loggingPrefs: org.openqa.selenium.logging..., platform: ANY, version: }
Starting ChromeDriver 99.0.4844.51 (d537ec02474b5afe23684e7963d538896c63ac77-refs/branch-heads/4844@{#875}) on port 3130
Only local connections are allowed.
Please see https://chromedriver.chromium.org/security-considerations for suggestions on keeping ChromeDriver safe.
ChromeDriver was started successfully.
mar 26, 2022 10:43:40 AM org.openqa.selenium.remote.ProtocolHandshake createSession
INFORMACIÓN: Detected dialect: W3C
[Test worker] WARN net.thucydides.core.steps.BaseStepListener - stepFinished: current outcome:Search the link UTest:Example: {strFirsName=Camilo, strLastName=Cadavid, strEmail=m5isflissewtdo@mail.com, strCity=Manizales, strPostalCode=170002, strMobile=Apple, strModel=iPhone, strOperatingSystem=iOS 2.0, strPassword=Prueba1155+, strConfPassword=Prueba1155+, strTitle=Welcome to the world's largest community of freelance software testers!} [Given that Camilo wants automation the create new user in Utest [Cristian open up [Cristian opens the Utest page]]]
[Test worker] WARN net.thucydides.core.steps.BaseStepListener - stepFinished: current outcome:Search the link UTest:Example: {strFirsName=Camilo, strLastName=Cadavid, strEmail=m5isflissewtdo@mail.com, strCity=Manizales, strPostalCode=170002, strMobile=Apple, strModel=iPhone, strOperatingSystem=iOS 2.0, strPassword=Prueba1155+, strConfPassword=Prueba1155+, strTitle=Welcome to the world's largest community of freelance software testers!} [Given that Camilo wants automation the create new user in Utest [Cristian open up [Cristian opens the Utest page]]]
[Test worker] WARN net.thucydides.core.steps.BaseStepListener - stepStarted: net.thucydides.core.steps.ExecutedStepDescription@72a077e2
[Test worker] WARN net.thucydides.core.steps.BaseStepListener - stepStarted: net.thucydides.core.steps.ExecutedStepDescription@58d112c0
[Test worker] WARN net.thucydides.core.steps.BaseStepListener - stepFinished: current outcome:Search the link UTest:Example: {strFirsName=Camilo, strLastName=Cadavid, strEmail=m5isflissewtdo@mail.com, strCity=Manizales, strPostalCode=170002, strMobile=Apple, strModel=iPhone, strOperatingSystem=iOS 2.0, strPassword=Prueba1155+, strConfPassword=Prueba1155+, strTitle=Welcome to the world's largest community of freelance software testers!} [Given that Camilo wants automation the create new user in Utest [Cristian open up [Cristian opens the Utest page], Cristian create [Cristian clicks on button that shows us the form to register]]]
[Test worker] WARN net.thucydides.core.steps.BaseStepListener - stepFinished: current outcome:Search the link UTest:Example: {strFirsName=Camilo, strLastName=Cadavid, strEmail=m5isflissewtdo@mail.com, strCity=Manizales, strPostalCode=170002, strMobile=Apple, strModel=iPhone, strOperatingSystem=iOS 2.0, strPassword=Prueba1155+, strConfPassword=Prueba1155+, strTitle=Welcome to the world's largest community of freelance software testers!} [Given that Camilo wants automation the create new user in Utest [Cristian open up [Cristian opens the Utest page], Cristian create [Cristian clicks on button that shows us the form to register]]]
[Test worker] WARN net.thucydides.core.steps.BaseStepListener - stepFinished: current outcome:Search the link UTest:Example: {strFirsName=Camilo, strLastName=Cadavid, strEmail=m5isflissewtdo@mail.com, strCity=Manizales, strPostalCode=170002, strMobile=Apple, strModel=iPhone, strOperatingSystem=iOS 2.0, strPassword=Prueba1155+, strConfPassword=Prueba1155+, strTitle=Welcome to the world's largest community of freelance software testers!} [Given that Camilo wants automation the create new user in Utest [Cristian open up [Cristian opens the Utest page], Cristian create [Cristian clicks on button that shows us the form to register]]]
[Test worker] WARN net.thucydides.core.steps.BaseStepListener - stepStarted: net.thucydides.core.steps.ExecutedStepDescription@1c71cb37
[Test worker] WARN net.thucydides.core.steps.BaseStepListener - stepStarted: net.thucydides.core.steps.ExecutedStepDescription@4eaee234
[Test worker] WARN net.thucydides.core.steps.BaseStepListener - stepStarted: net.thucydides.core.steps.ExecutedStepDescription@4dc47175
[Test worker] WARN net.thucydides.core.steps.BaseStepListener - stepFinished: current outcome:Search the link UTest:Example: {strFirsName=Camilo, strLastName=Cadavid, strEmail=m5isflissewtdo@mail.com, strCity=Manizales, strPostalCode=170002, strMobile=Apple, strModel=iPhone, strOperatingSystem=iOS 2.0, strPassword=Prueba1155+, strConfPassword=Prueba1155+, strTitle=Welcome to the world's largest community of freelance software testers!} [Given that Camilo wants automation the create new user in Utest [Cristian open up [Cristian opens the Utest page], Cristian create [Cristian clicks on button that shows us the form to register]], When he complete the form for create user
| strFirsName | strLastName | strEmail | strCity | strPostalCode | strMobile | strModel | strOperatingSystem | strPassword | strConfPassword |
| Camilo | Cadavid | m5isflissewtdo@mail.com | Manizales | 170002 | Apple | iPhone | iOS 2.0 | Prueba1155+ | Prueba1155+ | [Cristian enter data f1 [Cristian enters 'Camilo' into input for write first name]]]
[Test worker] WARN net.thucydides.core.steps.BaseStepListener - stepStarted: net.thucydides.core.steps.ExecutedStepDescription@a8a90e6
[Test worker] WARN net.thucydides.core.steps.BaseStepListener - stepFinished: current outcome:Search the link UTest:Example: {strFirsName=Camilo, strLastName=Cadavid, strEmail=m5isflissewtdo@mail.com, strCity=Manizales, strPostalCode=170002, strMobile=Apple, strModel=iPhone, strOperatingSystem=iOS 2.0, strPassword=Prueba1155+, strConfPassword=Prueba1155+, strTitle=Welcome to the world's largest community of freelance software testers!} [Given that Camilo wants automation the create new user in Utest [Cristian open up [Cristian opens the Utest page], Cristian create [Cristian clicks on button that shows us the form to register]], When he complete the form for create user
| strFirsName | strLastName | strEmail | strCity | strPostalCode | strMobile | strModel | strOperatingSystem | strPassword | strConfPassword |
| Camilo | Cadavid | m5isflissewtdo@mail.com | Manizales | 170002 | Apple | iPhone | iOS 2.0 | Prueba1155+ | Prueba1155+ | [Cristian enter data f1 [Cristian enters 'Camilo' into input for write first name, Cristian enters 'Cadavid' into input for write last name]]]
[Test worker] WARN net.thucydides.core.steps.BaseStepListener - stepStarted: net.thucydides.core.steps.ExecutedStepDescription@142eb22d
[Test worker] WARN net.thucydides.core.steps.BaseStepListener - stepFinished: current outcome:Search the link UTest:Example: {strFirsName=Camilo, strLastName=Cadavid, strEmail=m5isflissewtdo@mail.com, strCity=Manizales, strPostalCode=170002, strMobile=Apple, strModel=iPhone, strOperatingSystem=iOS 2.0, strPassword=Prueba1155+, strConfPassword=Prueba1155+, strTitle=Welcome to the world's largest community of freelance software testers!} [Given that Camilo wants automation the create new user in Utest [Cristian open up [Cristian opens the Utest page], Cristian create [Cristian clicks on button that shows us the form to register]], When he complete the form for create user
| strFirsName | strLastName | strEmail | strCity | strPostalCode | strMobile | strModel | strOperatingSystem | strPassword | strConfPassword |
| Camilo | Cadavid | m5isflissewtdo@mail.com | Manizales | 170002 | Apple | iPhone | iOS 2.0 | Prueba1155+ | Prueba1155+ | [Cristian enter data f1 [Cristian enters 'Camilo' into input for write first name, Cristian enters 'Cadavid' into input for write last name, Cristian enters 'm5isflissewtdo@mail.com' into input for write email address]]]
[Test worker] WARN net.thucydides.core.steps.BaseStepListener - stepStarted: net.thucydides.core.steps.ExecutedStepDescription@514369ef
[Test worker] WARN net.thucydides.core.steps.BaseStepListener - stepFinished: current outcome:Search the link UTest:Example: {strFirsName=Camilo, strLastName=Cadavid, strEmail=m5isflissewtdo@mail.com, strCity=Manizales, strPostalCode=170002, strMobile=Apple, strModel=iPhone, strOperatingSystem=iOS 2.0, strPassword=Prueba1155+, strConfPassword=Prueba1155+, strTitle=Welcome to the world's largest community of freelance software testers!} [Given that Camilo wants automation the create new user in Utest [Cristian open up [Cristian opens the Utest page], Cristian create [Cristian clicks on button that shows us the form to register]], When he complete the form for create user
| strFirsName | strLastName | strEmail | strCity | strPostalCode | strMobile | strModel | strOperatingSystem | strPassword | strConfPassword |
| Camilo | Cadavid | m5isflissewtdo@mail.com | Manizales | 170002 | Apple | iPhone | iOS 2.0 | Prueba1155+ | Prueba1155+ | [Cristian enter data f1 [Cristian enters 'Camilo' into input for write first name, Cristian enters 'Cadavid' into input for write last name, Cristian enters 'm5isflissewtdo@mail.com' into input for write email address, Cristian clicks on input for write month of birth]]]
[Test worker] WARN net.thucydides.core.steps.BaseStepListener - stepStarted: net.thucydides.core.steps.ExecutedStepDescription@4294915b
[Test worker] WARN net.thucydides.core.steps.BaseStepListener - stepFinished: current outcome:Search the link UTest:Example: {strFirsName=Camilo, strLastName=Cadavid, strEmail=m5isflissewtdo@mail.com, strCity=Manizales, strPostalCode=170002, strMobile=Apple, strModel=iPhone, strOperatingSystem=iOS 2.0, strPassword=Prueba1155+, strConfPassword=Prueba1155+, strTitle=Welcome to the world's largest community of freelance software testers!} [Given that Camilo wants automation the create new user in Utest [Cristian open up [Cristian opens the Utest page], Cristian create [Cristian clicks on button that shows us the form to register]], When he complete the form for create user
| strFirsName | strLastName | strEmail | strCity | strPostalCode | strMobile | strModel | strOperatingSystem | strPassword | strConfPassword |
| Camilo | Cadavid | m5isflissewtdo@mail.com | Manizales | 170002 | Apple | iPhone | iOS 2.0 | Prueba1155+ | Prueba1155+ | [Cristian enter data f1 [Cristian enters 'Camilo' into input for write first name, Cristian enters 'Cadavid' into input for write last name, Cristian enters 'm5isflissewtdo@mail.com' into input for write email address, Cristian clicks on input for write month of birth, Cristian clicks on Select month of birth]]]
[Test worker] WARN net.thucydides.core.steps.BaseStepListener - stepStarted: net.thucydides.core.steps.ExecutedStepDescription@3c3a5519
[Test worker] WARN net.thucydides.core.steps.BaseStepListener - stepFinished: current outcome:Search the link UTest:Example: {strFirsName=Camilo, strLastName=Cadavid, strEmail=m5isflissewtdo@mail.com, strCity=Manizales, strPostalCode=170002, strMobile=Apple, strModel=iPhone, strOperatingSystem=iOS 2.0, strPassword=Prueba1155+, strConfPassword=Prueba1155+, strTitle=Welcome to the world's largest community of freelance software testers!} [Given that Camilo wants automation the create new user in Utest [Cristian open up [Cristian opens the Utest page], Cristian create [Cristian clicks on button that shows us the form to register]], When he complete the form for create user
| strFirsName | strLastName | strEmail | strCity | strPostalCode | strMobile | strModel | strOperatingSystem | strPassword | strConfPassword |
| Camilo | Cadavid | m5isflissewtdo@mail.com | Manizales | 170002 | Apple | iPhone | iOS 2.0 | Prueba1155+ | Prueba1155+ | [Cristian enter data f1 [Cristian enters 'Camilo' into input for write first name, Cristian enters 'Cadavid' into input for write last name, Cristian enters 'm5isflissewtdo@mail.com' into input for write email address, Cristian clicks on input for write month of birth, Cristian clicks on Select month of birth, Cristian clicks on input for write day of birth]]]
[Test worker] WARN net.thucydides.core.steps.BaseStepListener - stepStarted: net.thucydides.core.steps.ExecutedStepDescription@5b74385d
[Test worker] WARN net.thucydides.core.steps.BaseStepListener - stepFinished: current outcome:Search the link UTest:Example: {strFirsName=Camilo, strLastName=Cadavid, strEmail=m5isflissewtdo@mail.com, strCity=Manizales, strPostalCode=170002, strMobile=Apple, strModel=iPhone, strOperatingSystem=iOS 2.0, strPassword=Prueba1155+, strConfPassword=Prueba1155+, strTitle=Welcome to the world's largest community of freelance software testers!} [Given that Camilo wants automation the create new user in Utest [Cristian open up [Cristian opens the Utest page], Cristian create [Cristian clicks on button that shows us the form to register]], When he complete the form for create user
| strFirsName | strLastName | strEmail | strCity | strPostalCode | strMobile | strModel | strOperatingSystem | strPassword | strConfPassword |
| Camilo | Cadavid | m5isflissewtdo@mail.com | Manizales | 170002 | Apple | iPhone | iOS 2.0 | Prueba1155+ | Prueba1155+ | [Cristian enter data f1 [Cristian enters 'Camilo' into input for write first name, Cristian enters 'Cadavid' into input for write last name, Cristian enters 'm5isflissewtdo@mail.com' into input for write email address, Cristian clicks on input for write month of birth, Cristian clicks on Select month of birth, Cristian clicks on input for write day of birth, Cristian clicks on Select day of birth]]]
[Test worker] WARN net.thucydides.core.steps.BaseStepListener - stepStarted: net.thucydides.core.steps.ExecutedStepDescription@4bce1018
[Test worker] WARN net.thucydides.core.steps.BaseStepListener - stepFinished: current outcome:Search the link UTest:Example: {strFirsName=Camilo, strLastName=Cadavid, strEmail=m5isflissewtdo@mail.com, strCity=Manizales, strPostalCode=170002, strMobile=Apple, strModel=iPhone, strOperatingSystem=iOS 2.0, strPassword=Prueba1155+, strConfPassword=Prueba1155+, strTitle=Welcome to the world's largest community of freelance software testers!} [Given that Camilo wants automation the create new user in Utest [Cristian open up [Cristian opens the Utest page], Cristian create [Cristian clicks on button that shows us the form to register]], When he complete the form for create user
| strFirsName | strLastName | strEmail | strCity | strPostalCode | strMobile | strModel | strOperatingSystem | strPassword | strConfPassword |
| Camilo | Cadavid | m5isflissewtdo@mail.com | Manizales | 170002 | Apple | iPhone | iOS 2.0 | Prueba1155+ | Prueba1155+ | [Cristian enter data f1 [Cristian enters 'Camilo' into input for write first name, Cristian enters 'Cadavid' into input for write last name, Cristian enters 'm5isflissewtdo@mail.com' into input for write email address, Cristian clicks on input for write month of birth, Cristian clicks on Select month of birth, Cristian clicks on input for write day of birth, Cristian clicks on Select day of birth, Cristian clicks on input for write year of birth]]]
[Test worker] WARN net.thucydides.core.steps.BaseStepListener - stepStarted: net.thucydides.core.steps.ExecutedStepDescription@2046a90a
[Test worker] WARN net.thucydides.core.steps.BaseStepListener - stepFinished: current outcome:Search the link UTest:Example: {strFirsName=Camilo, strLastName=Cadavid, strEmail=m5isflissewtdo@mail.com, strCity=Manizales, strPostalCode=170002, strMobile=Apple, strModel=iPhone, strOperatingSystem=iOS 2.0, strPassword=Prueba1155+, strConfPassword=Prueba1155+, strTitle=Welcome to the world's largest community of freelance software testers!} [Given that Camilo wants automation the create new user in Utest [Cristian open up [Cristian opens the Utest page], Cristian create [Cristian clicks on button that shows us the form to register]], When he complete the form for create user
| strFirsName | strLastName | strEmail | strCity | strPostalCode | strMobile | strModel | strOperatingSystem | strPassword | strConfPassword |
| Camilo | Cadavid | m5isflissewtdo@mail.com | Manizales | 170002 | Apple | iPhone | iOS 2.0 | Prueba1155+ | Prueba1155+ | [Cristian enter data f1 [Cristian enters 'Camilo' into input for write first name, Cristian enters 'Cadavid' into input for write last name, Cristian enters 'm5isflissewtdo@mail.com' into input for write email address, Cristian clicks on input for write month of birth, Cristian clicks on Select month of birth, Cristian clicks on input for write day of birth, Cristian clicks on Select day of birth, Cristian clicks on input for write year of birth, Cristian clicks on Select year of birth]]]
[Test worker] WARN net.thucydides.core.steps.BaseStepListener - stepStarted: net.thucydides.core.steps.ExecutedStepDescription@70795522
[Test worker] WARN net.thucydides.core.steps.BaseStepListener - stepFinished: current outcome:Search the link UTest:Example: {strFirsName=Camilo, strLastName=Cadavid, strEmail=m5isflissewtdo@mail.com, strCity=Manizales, strPostalCode=170002, strMobile=Apple, strModel=iPhone, strOperatingSystem=iOS 2.0, strPassword=Prueba1155+, strConfPassword=Prueba1155+, strTitle=Welcome to the world's largest community of freelance software testers!} [Given that Camilo wants automation the create new user in Utest [Cristian open up [Cristian opens the Utest page], Cristian create [Cristian clicks on button that shows us the form to register]], When he complete the form for create user
| strFirsName | strLastName | strEmail | strCity | strPostalCode | strMobile | strModel | strOperatingSystem | strPassword | strConfPassword |
| Camilo | Cadavid | m5isflissewtdo@mail.com | Manizales | 170002 | Apple | iPhone | iOS 2.0 | Prueba1155+ | Prueba1155+ | [Cristian enter data f1 [Cristian enters 'Camilo' into input for write first name, Cristian enters 'Cadavid' into input for write last name, Cristian enters 'm5isflissewtdo@mail.com' into input for write email address, Cristian clicks on input for write month of birth, Cristian clicks on Select month of birth, Cristian clicks on input for write day of birth, Cristian clicks on Select day of birth, Cristian clicks on input for write year of birth, Cristian clicks on Select year of birth, Cristian clicks on Button that continue the next page]]]
[Test worker] WARN net.thucydides.core.steps.BaseStepListener - stepFinished: current outcome:Search the link UTest:Example: {strFirsName=Camilo, strLastName=Cadavid, strEmail=m5isflissewtdo@mail.com, strCity=Manizales, strPostalCode=170002, strMobile=Apple, strModel=iPhone, strOperatingSystem=iOS 2.0, strPassword=Prueba1155+, strConfPassword=Prueba1155+, strTitle=Welcome to the world's largest community of freelance software testers!} [Given that Camilo wants automation the create new user in Utest [Cristian open up [Cristian opens the Utest page], Cristian create [Cristian clicks on button that shows us the form to register]], When he complete the form for create user
| strFirsName | strLastName | strEmail | strCity | strPostalCode | strMobile | strModel | strOperatingSystem | strPassword | strConfPassword |
| Camilo | Cadavid | m5isflissewtdo@mail.com | Manizales | 170002 | Apple | iPhone | iOS 2.0 | Prueba1155+ | Prueba1155+ | [Cristian enter data f1 [Cristian enters 'Camilo' into input for write first name, Cristian enters 'Cadavid' into input for write last name, Cristian enters 'm5isflissewtdo@mail.com' into input for write email address, Cristian clicks on input for write month of birth, Cristian clicks on Select month of birth, Cristian clicks on input for write day of birth, Cristian clicks on Select day of birth, Cristian clicks on input for write year of birth, Cristian clicks on Select year of birth, Cristian clicks on Button that continue the next page]]]
[Test worker] WARN net.thucydides.core.steps.BaseStepListener - stepStarted: net.thucydides.core.steps.ExecutedStepDescription@3e75916a
[Test worker] WARN net.thucydides.core.steps.BaseStepListener - stepStarted: net.thucydides.core.steps.ExecutedStepDescription@1dce1c8e
[Test worker] WARN net.thucydides.core.steps.BaseStepListener - stepFinished: current outcome:Search the link UTest:Example: {strFirsName=Camilo, strLastName=Cadavid, strEmail=m5isflissewtdo@mail.com, strCity=Manizales, strPostalCode=170002, strMobile=Apple, strModel=iPhone, strOperatingSystem=iOS 2.0, strPassword=Prueba1155+, strConfPassword=Prueba1155+, strTitle=Welcome to the world's largest community of freelance software testers!} [Given that Camilo wants automation the create new user in Utest [Cristian open up [Cristian opens the Utest page], Cristian create [Cristian clicks on button that shows us the form to register]], When he complete the form for create user
| strFirsName | strLastName | strEmail | strCity | strPostalCode | strMobile | strModel | strOperatingSystem | strPassword | strConfPassword |
| Camilo | Cadavid | m5isflissewtdo@mail.com | Manizales | 170002 | Apple | iPhone | iOS 2.0 | Prueba1155+ | Prueba1155+ | [Cristian enter data f1 [Cristian enters 'Camilo' into input for write first name, Cristian enters 'Cadavid' into input for write last name, Cristian enters 'm5isflissewtdo@mail.com' into input for write email address, Cristian clicks on input for write month of birth, Cristian clicks on Select month of birth, Cristian clicks on input for write day of birth, Cristian clicks on Select day of birth, Cristian clicks on input for write year of birth, Cristian clicks on Select year of birth, Cristian clicks on Button that continue the next page], Cristian enter data f2 [Cristian enters 'Manizales' into Input for write and search city]]]
[Test worker] WARN net.thucydides.core.steps.BaseStepListener - stepStarted: net.thucydides.core.steps.ExecutedStepDescription@7f13bb48
[Test worker] WARN net.thucydides.core.steps.BaseStepListener - stepFinished: current outcome:Search the link UTest:Example: {strFirsName=Camilo, strLastName=Cadavid, strEmail=m5isflissewtdo@mail.com, strCity=Manizales, strPostalCode=170002, strMobile=Apple, strModel=iPhone, strOperatingSystem=iOS 2.0, strPassword=Prueba1155+, strConfPassword=Prueba1155+, strTitle=Welcome to the world's largest community of freelance software testers!} [Given that Camilo wants automation the create new user in Utest [Cristian open up [Cristian opens the Utest page], Cristian create [Cristian clicks on button that shows us the form to register]], When he complete the form for create user
| strFirsName | strLastName | strEmail | strCity | strPostalCode | strMobile | strModel | strOperatingSystem | strPassword | strConfPassword |
| Camilo | Cadavid | m5isflissewtdo@mail.com | Manizales | 170002 | Apple | iPhone | iOS 2.0 | Prueba1155+ | Prueba1155+ | [Cristian enter data f1 [Cristian enters 'Camilo' into input for write first name, Cristian enters 'Cadavid' into input for write last name, Cristian enters 'm5isflissewtdo@mail.com' into input for write email address, Cristian clicks on input for write month of birth, Cristian clicks on Select month of birth, Cristian clicks on input for write day of birth, Cristian clicks on Select day of birth, Cristian clicks on input for write year of birth, Cristian clicks on Select year of birth, Cristian clicks on Button that continue the next page], Cristian enter data f2 [Cristian enters 'Manizales' into Input for write and search city, Cristian types 'ARROW_DOWN' in Input for write and search city]]]
[Test worker] WARN net.thucydides.core.steps.BaseStepListener - stepStarted: net.thucydides.core.steps.ExecutedStepDescription@73b283cd
[Test worker] WARN net.thucydides.core.steps.BaseStepListener - stepFinished: current outcome:Search the link UTest:Example: {strFirsName=Camilo, strLastName=Cadavid, strEmail=m5isflissewtdo@mail.com, strCity=Manizales, strPostalCode=170002, strMobile=Apple, strModel=iPhone, strOperatingSystem=iOS 2.0, strPassword=Prueba1155+, strConfPassword=Prueba1155+, strTitle=Welcome to the world's largest community of freelance software testers!} [Given that Camilo wants automation the create new user in Utest [Cristian open up [Cristian opens the Utest page], Cristian create [Cristian clicks on button that shows us the form to register]], When he complete the form for create user
| strFirsName | strLastName | strEmail | strCity | strPostalCode | strMobile | strModel | strOperatingSystem | strPassword | strConfPassword |
| Camilo | Cadavid | m5isflissewtdo@mail.com | Manizales | 170002 | Apple | iPhone | iOS 2.0 | Prueba1155+ | Prueba1155+ | [Cristian enter data f1 [Cristian enters 'Camilo' into input for write first name, Cristian enters 'Cadavid' into input for write last name, Cristian enters 'm5isflissewtdo@mail.com' into input for write email address, Cristian clicks on input for write month of birth, Cristian clicks on Select month of birth, Cristian clicks on input for write day of birth, Cristian clicks on Select day of birth, Cristian clicks on input for write year of birth, Cristian clicks on Select year of birth, Cristian clicks on Button that continue the next page], Cristian enter data f2 [Cristian enters 'Manizales' into Input for write and search city, Cristian types 'ARROW_DOWN' in Input for write and search city, Cristian types 'ENTER' in Input for write and search city]]]
[Test worker] WARN net.thucydides.core.steps.BaseStepListener - stepStarted: net.thucydides.core.steps.ExecutedStepDescription@3b730a2f
[Test worker] WARN net.thucydides.core.steps.BaseStepListener - stepFinished: current outcome:Search the link UTest:Example: {strFirsName=Camilo, strLastName=Cadavid, strEmail=m5isflissewtdo@mail.com, strCity=Manizales, strPostalCode=170002, strMobile=Apple, strModel=iPhone, strOperatingSystem=iOS 2.0, strPassword=Prueba1155+, strConfPassword=Prueba1155+, strTitle=Welcome to the world's largest community of freelance software testers!} [Given that Camilo wants automation the create new user in Utest [Cristian open up [Cristian opens the Utest page], Cristian create [Cristian clicks on button that shows us the form to register]], When he complete the form for create user
| strFirsName | strLastName | strEmail | strCity | strPostalCode | strMobile | strModel | strOperatingSystem | strPassword | strConfPassword |
| Camilo | Cadavid | m5isflissewtdo@mail.com | Manizales | 170002 | Apple | iPhone | iOS 2.0 | Prueba1155+ | Prueba1155+ | [Cristian enter data f1 [Cristian enters 'Camilo' into input for write first name, Cristian enters 'Cadavid' into input for write last name, Cristian enters 'm5isflissewtdo@mail.com' into input for write email address, Cristian clicks on input for write month of birth, Cristian clicks on Select month of birth, Cristian clicks on input for write day of birth, Cristian clicks on Select day of birth, Cristian clicks on input for write year of birth, Cristian clicks on Select year of birth, Cristian clicks on Button that continue the next page], Cristian enter data f2 [Cristian enters 'Manizales' into Input for write and search city, Cristian types 'ARROW_DOWN' in Input for write and search city, Cristian types 'ENTER' in Input for write and search city, Cristian enters '170002' into Input for write postal code]]]
[Test worker] WARN net.thucydides.core.steps.BaseStepListener - stepStarted: net.thucydides.core.steps.ExecutedStepDescription@5b22b8ce
[Test worker] WARN net.thucydides.core.steps.BaseStepListener - stepFinished: current outcome:Search the link UTest:Example: {strFirsName=Camilo, strLastName=Cadavid, strEmail=m5isflissewtdo@mail.com, strCity=Manizales, strPostalCode=170002, strMobile=Apple, strModel=iPhone, strOperatingSystem=iOS 2.0, strPassword=Prueba1155+, strConfPassword=Prueba1155+, strTitle=Welcome to the world's largest community of freelance software testers!} [Given that Camilo wants automation the create new user in Utest [Cristian open up [Cristian opens the Utest page], Cristian create [Cristian clicks on button that shows us the form to register]], When he complete the form for create user
| strFirsName | strLastName | strEmail | strCity | strPostalCode | strMobile | strModel | strOperatingSystem | strPassword | strConfPassword |
| Camilo | Cadavid | m5isflissewtdo@mail.com | Manizales | 170002 | Apple | iPhone | iOS 2.0 | Prueba1155+ | Prueba1155+ | [Cristian enter data f1 [Cristian enters 'Camilo' into input for write first name, Cristian enters 'Cadavid' into input for write last name, Cristian enters 'm5isflissewtdo@mail.com' into input for write email address, Cristian clicks on input for write month of birth, Cristian clicks on Select month of birth, Cristian clicks on input for write day of birth, Cristian clicks on Select day of birth, Cristian clicks on input for write year of birth, Cristian clicks on Select year of birth, Cristian clicks on Button that continue the next page], Cristian enter data f2 [Cristian enters 'Manizales' into Input for write and search city, Cristian types 'ARROW_DOWN' in Input for write and search city, Cristian types 'ENTER' in Input for write and search city, Cristian enters '170002' into Input for write postal code, Cristian clicks on Button that continue the next page]]]
[Test worker] WARN net.thucydides.core.steps.BaseStepListener - stepFinished: current outcome:Search the link UTest:Example: {strFirsName=Camilo, strLastName=Cadavid, strEmail=m5isflissewtdo@mail.com, strCity=Manizales, strPostalCode=170002, strMobile=Apple, strModel=iPhone, strOperatingSystem=iOS 2.0, strPassword=Prueba1155+, strConfPassword=Prueba1155+, strTitle=Welcome to the world's largest community of freelance software testers!} [Given that Camilo wants automation the create new user in Utest [Cristian open up [Cristian opens the Utest page], Cristian create [Cristian clicks on button that shows us the form to register]], When he complete the form for create user
| strFirsName | strLastName | strEmail | strCity | strPostalCode | strMobile | strModel | strOperatingSystem | strPassword | strConfPassword |
| Camilo | Cadavid | m5isflissewtdo@mail.com | Manizales | 170002 | Apple | iPhone | iOS 2.0 | Prueba1155+ | Prueba1155+ | [Cristian enter data f1 [Cristian enters 'Camilo' into input for write first name, Cristian enters 'Cadavid' into input for write last name, Cristian enters 'm5isflissewtdo@mail.com' into input for write email address, Cristian clicks on input for write month of birth, Cristian clicks on Select month of birth, Cristian clicks on input for write day of birth, Cristian clicks on Select day of birth, Cristian clicks on input for write year of birth, Cristian clicks on Select year of birth, Cristian clicks on Button that continue the next page], Cristian enter data f2 [Cristian enters 'Manizales' into Input for write and search city, Cristian types 'ARROW_DOWN' in Input for write and search city, Cristian types 'ENTER' in Input for write and search city, Cristian enters '170002' into Input for write postal code, Cristian clicks on Button that continue the next page]]]
[Test worker] WARN net.thucydides.core.steps.BaseStepListener - stepStarted: net.thucydides.core.steps.ExecutedStepDescription@22a63d1c
[Test worker] WARN net.thucydides.core.steps.BaseStepListener - stepStarted: net.thucydides.core.steps.ExecutedStepDescription@14f24b16
[Test worker] WARN net.thucydides.core.steps.BaseStepListener - stepFinished: current outcome:Search the link UTest:Example: {strFirsName=Camilo, strLastName=Cadavid, strEmail=m5isflissewtdo@mail.com, strCity=Manizales, strPostalCode=170002, strMobile=Apple, strModel=iPhone, strOperatingSystem=iOS 2.0, strPassword=Prueba1155+, strConfPassword=Prueba1155+, strTitle=Welcome to the world's largest community of freelance software testers!} [Given that Camilo wants automation the create new user in Utest [Cristian open up [Cristian opens the Utest page], Cristian create [Cristian clicks on button that shows us the form to register]], When he complete the form for create user
| strFirsName | strLastName | strEmail | strCity | strPostalCode | strMobile | strModel | strOperatingSystem | strPassword | strConfPassword |
| Camilo | Cadavid | m5isflissewtdo@mail.com | Manizales | 170002 | Apple | iPhone | iOS 2.0 | Prueba1155+ | Prueba1155+ | [Cristian enter data f1 [Cristian enters 'Camilo' into input for write first name, Cristian enters 'Cadavid' into input for write last name, Cristian enters 'm5isflissewtdo@mail.com' into input for write email address, Cristian clicks on input for write month of birth, Cristian clicks on Select month of birth, Cristian clicks on input for write day of birth, Cristian clicks on Select day of birth, Cristian clicks on input for write year of birth, Cristian clicks on Select year of birth, Cristian clicks on Button that continue the next page], Cristian enter data f2 [Cristian enters 'Manizales' into Input for write and search city, Cristian types 'ARROW_DOWN' in Input for write and search city, Cristian types 'ENTER' in Input for write and search city, Cristian enters '170002' into Input for write postal code, Cristian clicks on Button that continue the next page], Cristian enter data f3 [Cristian clicks on Open the list of mobile devices]]]
[Test worker] WARN net.thucydides.core.steps.BaseStepListener - stepStarted: net.thucydides.core.steps.ExecutedStepDescription@fef6d0
[Test worker] WARN net.thucydides.core.steps.BaseStepListener - stepFinished: current outcome:Search the link UTest:Example: {strFirsName=Camilo, strLastName=Cadavid, strEmail=m5isflissewtdo@mail.com, strCity=Manizales, strPostalCode=170002, strMobile=Apple, strModel=iPhone, strOperatingSystem=iOS 2.0, strPassword=Prueba1155+, strConfPassword=Prueba1155+, strTitle=Welcome to the world's largest community of freelance software testers!} [Given that Camilo wants automation the create new user in Utest [Cristian open up [Cristian opens the Utest page], Cristian create [Cristian clicks on button that shows us the form to register]], When he complete the form for create user
| strFirsName | strLastName | strEmail | strCity | strPostalCode | strMobile | strModel | strOperatingSystem | strPassword | strConfPassword |
| Camilo | Cadavid | m5isflissewtdo@mail.com | Manizales | 170002 | Apple | iPhone | iOS 2.0 | Prueba1155+ | Prueba1155+ | [Cristian enter data f1 [Cristian enters 'Camilo' into input for write first name, Cristian enters 'Cadavid' into input for write last name, Cristian enters 'm5isflissewtdo@mail.com' into input for write email address, Cristian clicks on input for write month of birth, Cristian clicks on Select month of birth, Cristian clicks on input for write day of birth, Cristian clicks on Select day of birth, Cristian clicks on input for write year of birth, Cristian clicks on Select year of birth, Cristian clicks on Button that continue the next page], Cristian enter data f2 [Cristian enters 'Manizales' into Input for write and search city, Cristian types 'ARROW_DOWN' in Input for write and search city, Cristian types 'ENTER' in Input for write and search city, Cristian enters '170002' into Input for write postal code, Cristian clicks on Button that continue the next page], Cristian enter data f3 [Cristian clicks on Open the list of mobile devices, Cristian enters 'Apple' into write the mobile device]]]
[Test worker] WARN net.thucydides.core.steps.BaseStepListener - stepStarted: net.thucydides.core.steps.ExecutedStepDescription@79085e1e
[Test worker] WARN net.thucydides.core.steps.BaseStepListener - stepFinished: current outcome:Search the link UTest:Example: {strFirsName=Camilo, strLastName=Cadavid, strEmail=m5isflissewtdo@mail.com, strCity=Manizales, strPostalCode=170002, strMobile=Apple, strModel=iPhone, strOperatingSystem=iOS 2.0, strPassword=Prueba1155+, strConfPassword=Prueba1155+, strTitle=Welcome to the world's largest community of freelance software testers!} [Given that Camilo wants automation the create new user in Utest [Cristian open up [Cristian opens the Utest page], Cristian create [Cristian clicks on button that shows us the form to register]], When he complete the form for create user
| strFirsName | strLastName | strEmail | strCity | strPostalCode | strMobile | strModel | strOperatingSystem | strPassword | strConfPassword |
| Camilo | Cadavid | m5isflissewtdo@mail.com | Manizales | 170002 | Apple | iPhone | iOS 2.0 | Prueba1155+ | Prueba1155+ | [Cristian enter data f1 [Cristian enters 'Camilo' into input for write first name, Cristian enters 'Cadavid' into input for write last name, Cristian enters 'm5isflissewtdo@mail.com' into input for write email address, Cristian clicks on input for write month of birth, Cristian clicks on Select month of birth, Cristian clicks on input for write day of birth, Cristian clicks on Select day of birth, Cristian clicks on input for write year of birth, Cristian clicks on Select year of birth, Cristian clicks on Button that continue the next page], Cristian enter data f2 [Cristian enters 'Manizales' into Input for write and search city, Cristian types 'ARROW_DOWN' in Input for write and search city, Cristian types 'ENTER' in Input for write and search city, Cristian enters '170002' into Input for write postal code, Cristian clicks on Button that continue the next page], Cristian enter data f3 [Cristian clicks on Open the list of mobile devices, Cristian enters 'Apple' into write the mobile device, Cristian types 'ENTER' in write the mobile device]]]
[Test worker] WARN net.thucydides.core.steps.BaseStepListener - stepStarted: net.thucydides.core.steps.ExecutedStepDescription@7d309fd6
[Test worker] WARN net.thucydides.core.steps.BaseStepListener - stepFinished: current outcome:Search the link UTest:Example: {strFirsName=Camilo, strLastName=Cadavid, strEmail=m5isflissewtdo@mail.com, strCity=Manizales, strPostalCode=170002, strMobile=Apple, strModel=iPhone, strOperatingSystem=iOS 2.0, strPassword=Prueba1155+, strConfPassword=Prueba1155+, strTitle=Welcome to the world's largest community of freelance software testers!} [Given that Camilo wants automation the create new user in Utest [Cristian open up [Cristian opens the Utest page], Cristian create [Cristian clicks on button that shows us the form to register]], When he complete the form for create user
| strFirsName | strLastName | strEmail | strCity | strPostalCode | strMobile | strModel | strOperatingSystem | strPassword | strConfPassword |
| Camilo | Cadavid | m5isflissewtdo@mail.com | Manizales | 170002 | Apple | iPhone | iOS 2.0 | Prueba1155+ | Prueba1155+ | [Cristian enter data f1 [Cristian enters 'Camilo' into input for write first name, Cristian enters 'Cadavid' into input for write last name, Cristian enters 'm5isflissewtdo@mail.com' into input for write email address, Cristian clicks on input for write month of birth, Cristian clicks on Select month of birth, Cristian clicks on input for write day of birth, Cristian clicks on Select day of birth, Cristian clicks on input for write year of birth, Cristian clicks on Select year of birth, Cristian clicks on Button that continue the next page], Cristian enter data f2 [Cristian enters 'Manizales' into Input for write and search city, Cristian types 'ARROW_DOWN' in Input for write and search city, Cristian types 'ENTER' in Input for write and search city, Cristian enters '170002' into Input for write postal code, Cristian clicks on Button that continue the next page], Cristian enter data f3 [Cristian clicks on Open the list of mobile devices, Cristian enters 'Apple' into write the mobile device, Cristian types 'ENTER' in write the mobile device, Cristian clicks on Open the list of model]]]
[Test worker] WARN net.thucydides.core.steps.BaseStepListener - stepStarted: net.thucydides.core.steps.ExecutedStepDescription@5bf0cd48
[Test worker] WARN net.thucydides.core.steps.BaseStepListener - stepFinished: current outcome:Search the link UTest:Example: {strFirsName=Camilo, strLastName=Cadavid, strEmail=m5isflissewtdo@mail.com, strCity=Manizales, strPostalCode=170002, strMobile=Apple, strModel=iPhone, strOperatingSystem=iOS 2.0, strPassword=Prueba1155+, strConfPassword=Prueba1155+, strTitle=Welcome to the world's largest community of freelance software testers!} [Given that Camilo wants automation the create new user in Utest [Cristian open up [Cristian opens the Utest page], Cristian create [Cristian clicks on button that shows us the form to register]], When he complete the form for create user
| strFirsName | strLastName | strEmail | strCity | strPostalCode | strMobile | strModel | strOperatingSystem | strPassword | strConfPassword |
| Camilo | Cadavid | m5isflissewtdo@mail.com | Manizales | 170002 | Apple | iPhone | iOS 2.0 | Prueba1155+ | Prueba1155+ | [Cristian enter data f1 [Cristian enters 'Camilo' into input for write first name, Cristian enters 'Cadavid' into input for write last name, Cristian enters 'm5isflissewtdo@mail.com' into input for write email address, Cristian clicks on input for write month of birth, Cristian clicks on Select month of birth, Cristian clicks on input for write day of birth, Cristian clicks on Select day of birth, Cristian clicks on input for write year of birth, Cristian clicks on Select year of birth, Cristian clicks on Button that continue the next page], Cristian enter data f2 [Cristian enters 'Manizales' into Input for write and search city, Cristian types 'ARROW_DOWN' in Input for write and search city, Cristian types 'ENTER' in Input for write and search city, Cristian enters '170002' into Input for write postal code, Cristian clicks on Button that continue the next page], Cristian enter data f3 [Cristian clicks on Open the list of mobile devices, Cristian enters 'Apple' into write the mobile device, Cristian types 'ENTER' in write the mobile device, Cristian clicks on Open the list of model, Cristian enters 'iPhone' into write the mobile device model]]]
[Test worker] WARN net.thucydides.core.steps.BaseStepListener - stepStarted: net.thucydides.core.steps.ExecutedStepDescription@7e1d5aa5
[Test worker] WARN net.thucydides.core.steps.BaseStepListener - stepFinished: current outcome:Search the link UTest:Example: {strFirsName=Camilo, strLastName=Cadavid, strEmail=m5isflissewtdo@mail.com, strCity=Manizales, strPostalCode=170002, strMobile=Apple, strModel=iPhone, strOperatingSystem=iOS 2.0, strPassword=Prueba1155+, strConfPassword=Prueba1155+, strTitle=Welcome to the world's largest community of freelance software testers!} [Given that Camilo wants automation the create new user in Utest [Cristian open up [Cristian opens the Utest page], Cristian create [Cristian clicks on button that shows us the form to register]], When he complete the form for create user
| strFirsName | strLastName | strEmail | strCity | strPostalCode | strMobile | strModel | strOperatingSystem | strPassword | strConfPassword |
| Camilo | Cadavid | m5isflissewtdo@mail.com | Manizales | 170002 | Apple | iPhone | iOS 2.0 | Prueba1155+ | Prueba1155+ | [Cristian enter data f1 [Cristian enters 'Camilo' into input for write first name, Cristian enters 'Cadavid' into input for write last name, Cristian enters 'm5isflissewtdo@mail.com' into input for write email address, Cristian clicks on input for write month of birth, Cristian clicks on Select month of birth, Cristian clicks on input for write day of birth, Cristian clicks on Select day of birth, Cristian clicks on input for write year of birth, Cristian clicks on Select year of birth, Cristian clicks on Button that continue the next page], Cristian enter data f2 [Cristian enters 'Manizales' into Input for write and search city, Cristian types 'ARROW_DOWN' in Input for write and search city, Cristian types 'ENTER' in Input for write and search city, Cristian enters '170002' into Input for write postal code, Cristian clicks on Button that continue the next page], Cristian enter data f3 [Cristian clicks on Open the list of mobile devices, Cristian enters 'Apple' into write the mobile device, Cristian types 'ENTER' in write the mobile device, Cristian clicks on Open the list of model, Cristian enters 'iPhone' into write the mobile device model, Cristian types 'ENTER' in write the mobile device model]]]
[Test worker] WARN net.thucydides.core.steps.BaseStepListener - stepStarted: net.thucydides.core.steps.ExecutedStepDescription@2693aa88
[Test worker] WARN net.thucydides.core.steps.BaseStepListener - stepFinished: current outcome:Search the link UTest:Example: {strFirsName=Camilo, strLastName=Cadavid, strEmail=m5isflissewtdo@mail.com, strCity=Manizales, strPostalCode=170002, strMobile=Apple, strModel=iPhone, strOperatingSystem=iOS 2.0, strPassword=Prueba1155+, strConfPassword=Prueba1155+, strTitle=Welcome to the world's largest community of freelance software testers!} [Given that Camilo wants automation the create new user in Utest [Cristian open up [Cristian opens the Utest page], Cristian create [Cristian clicks on button that shows us the form to register]], When he complete the form for create user
| strFirsName | strLastName | strEmail | strCity | strPostalCode | strMobile | strModel | strOperatingSystem | strPassword | strConfPassword |
| Camilo | Cadavid | m5isflissewtdo@mail.com | Manizales | 170002 | Apple | iPhone | iOS 2.0 | Prueba1155+ | Prueba1155+ | [Cristian enter data f1 [Cristian enters 'Camilo' into input for write first name, Cristian enters 'Cadavid' into input for write last name, Cristian enters 'm5isflissewtdo@mail.com' into input for write email address, Cristian clicks on input for write month of birth, Cristian clicks on Select month of birth, Cristian clicks on input for write day of birth, Cristian clicks on Select day of birth, Cristian clicks on input for write year of birth, Cristian clicks on Select year of birth, Cristian clicks on Button that continue the next page], Cristian enter data f2 [Cristian enters 'Manizales' into Input for write and search city, Cristian types 'ARROW_DOWN' in Input for write and search city, Cristian types 'ENTER' in Input for write and search city, Cristian enters '170002' into Input for write postal code, Cristian clicks on Button that continue the next page], Cristian enter data f3 [Cristian clicks on Open the list of mobile devices, Cristian enters 'Apple' into write the mobile device, Cristian types 'ENTER' in write the mobile device, Cristian clicks on Open the list of model, Cristian enters 'iPhone' into write the mobile device model, Cristian types 'ENTER' in write the mobile device model, Cristian clicks on Open the list of Operating System]]]
[Test worker] WARN net.thucydides.core.steps.BaseStepListener - stepStarted: net.thucydides.core.steps.ExecutedStepDescription@2c3eb70f
[Test worker] WARN net.thucydides.core.steps.BaseStepListener - stepFinished: current outcome:Search the link UTest:Example: {strFirsName=Camilo, strLastName=Cadavid, strEmail=m5isflissewtdo@mail.com, strCity=Manizales, strPostalCode=170002, strMobile=Apple, strModel=iPhone, strOperatingSystem=iOS 2.0, strPassword=Prueba1155+, strConfPassword=Prueba1155+, strTitle=Welcome to the world's largest community of freelance software testers!} [Given that Camilo wants automation the create new user in Utest [Cristian open up [Cristian opens the Utest page], Cristian create [Cristian clicks on button that shows us the form to register]], When he complete the form for create user
| strFirsName | strLastName | strEmail | strCity | strPostalCode | strMobile | strModel | strOperatingSystem | strPassword | strConfPassword |
| Camilo | Cadavid | m5isflissewtdo@mail.com | Manizales | 170002 | Apple | iPhone | iOS 2.0 | Prueba1155+ | Prueba1155+ | [Cristian enter data f1 [Cristian enters 'Camilo' into input for write first name, Cristian enters 'Cadavid' into input for write last name, Cristian enters 'm5isflissewtdo@mail.com' into input for write email address, Cristian clicks on input for write month of birth, Cristian clicks on Select month of birth, Cristian clicks on input for write day of birth, Cristian clicks on Select day of birth, Cristian clicks on input for write year of birth, Cristian clicks on Select year of birth, Cristian clicks on Button that continue the next page], Cristian enter data f2 [Cristian enters 'Manizales' into Input for write and search city, Cristian types 'ARROW_DOWN' in Input for write and search city, Cristian types 'ENTER' in Input for write and search city, Cristian enters '170002' into Input for write postal code, Cristian clicks on Button that continue the next page], Cristian enter data f3 [Cristian clicks on Open the list of mobile devices, Cristian enters 'Apple' into write the mobile device, Cristian types 'ENTER' in write the mobile device, Cristian clicks on Open the list of model, Cristian enters 'iPhone' into write the mobile device model, Cristian types 'ENTER' in write the mobile device model, Cristian clicks on Open the list of Operating System, Cristian enters 'iOS 2.0' into write the operating system]]]
[Test worker] WARN net.thucydides.core.steps.BaseStepListener - stepStarted: net.thucydides.core.steps.ExecutedStepDescription@1fb6b303
[Test worker] WARN net.thucydides.core.steps.BaseStepListener - stepFinished: current outcome:Search the link UTest:Example: {strFirsName=Camilo, strLastName=Cadavid, strEmail=m5isflissewtdo@mail.com, strCity=Manizales, strPostalCode=170002, strMobile=Apple, strModel=iPhone, strOperatingSystem=iOS 2.0, strPassword=Prueba1155+, strConfPassword=Prueba1155+, strTitle=Welcome to the world's largest community of freelance software testers!} [Given that Camilo wants automation the create new user in Utest [Cristian open up [Cristian opens the Utest page], Cristian create [Cristian clicks on button that shows us the form to register]], When he complete the form for create user
| strFirsName | strLastName | strEmail | strCity | strPostalCode | strMobile | strModel | strOperatingSystem | strPassword | strConfPassword |
| Camilo | Cadavid | m5isflissewtdo@mail.com | Manizales | 170002 | Apple | iPhone | iOS 2.0 | Prueba1155+ | Prueba1155+ | [Cristian enter data f1 [Cristian enters 'Camilo' into input for write first name, Cristian enters 'Cadavid' into input for write last name, Cristian enters 'm5isflissewtdo@mail.com' into input for write email address, Cristian clicks on input for write month of birth, Cristian clicks on Select month of birth, Cristian clicks on input for write day of birth, Cristian clicks on Select day of birth, Cristian clicks on input for write year of birth, Cristian clicks on Select year of birth, Cristian clicks on Button that continue the next page], Cristian enter data f2 [Cristian enters 'Manizales' into Input for write and search city, Cristian types 'ARROW_DOWN' in Input for write and search city, Cristian types 'ENTER' in Input for write and search city, Cristian enters '170002' into Input for write postal code, Cristian clicks on Button that continue the next page], Cristian enter data f3 [Cristian clicks on Open the list of mobile devices, Cristian enters 'Apple' into write the mobile device, Cristian types 'ENTER' in write the mobile device, Cristian clicks on Open the list of model, Cristian enters 'iPhone' into write the mobile device model, Cristian types 'ENTER' in write the mobile device model, Cristian clicks on Open the list of Operating System, Cristian enters 'iOS 2.0' into write the operating system, Cristian types 'ENTER' in write the operating system]]]
[Test worker] WARN net.thucydides.core.steps.BaseStepListener - stepStarted: net.thucydides.core.steps.ExecutedStepDescription@6e05cce
[Test worker] WARN net.thucydides.core.steps.BaseStepListener - stepFinished: current outcome:Search the link UTest:Example: {strFirsName=Camilo, strLastName=Cadavid, strEmail=m5isflissewtdo@mail.com, strCity=Manizales, strPostalCode=170002, strMobile=Apple, strModel=iPhone, strOperatingSystem=iOS 2.0, strPassword=Prueba1155+, strConfPassword=Prueba1155+, strTitle=Welcome to the world's largest community of freelance software testers!} [Given that Camilo wants automation the create new user in Utest [Cristian open up [Cristian opens the Utest page], Cristian create [Cristian clicks on button that shows us the form to register]], When he complete the form for create user
| strFirsName | strLastName | strEmail | strCity | strPostalCode | strMobile | strModel | strOperatingSystem | strPassword | strConfPassword |
| Camilo | Cadavid | m5isflissewtdo@mail.com | Manizales | 170002 | Apple | iPhone | iOS 2.0 | Prueba1155+ | Prueba1155+ | [Cristian enter data f1 [Cristian enters 'Camilo' into input for write first name, Cristian enters 'Cadavid' into input for write last name, Cristian enters 'm5isflissewtdo@mail.com' into input for write email address, Cristian clicks on input for write month of birth, Cristian clicks on Select month of birth, Cristian clicks on input for write day of birth, Cristian clicks on Select day of birth, Cristian clicks on input for write year of birth, Cristian clicks on Select year of birth, Cristian clicks on Button that continue the next page], Cristian enter data f2 [Cristian enters 'Manizales' into Input for write and search city, Cristian types 'ARROW_DOWN' in Input for write and search city, Cristian types 'ENTER' in Input for write and search city, Cristian enters '170002' into Input for write postal code, Cristian clicks on Button that continue the next page], Cristian enter data f3 [Cristian clicks on Open the list of mobile devices, Cristian enters 'Apple' into write the mobile device, Cristian types 'ENTER' in write the mobile device, Cristian clicks on Open the list of model, Cristian enters 'iPhone' into write the mobile device model, Cristian types 'ENTER' in write the mobile device model, Cristian clicks on Open the list of Operating System, Cristian enters 'iOS 2.0' into write the operating system, Cristian types 'ENTER' in write the operating system, Cristian clicks on Button that continue the next page]]]
[Test worker] WARN net.thucydides.core.steps.BaseStepListener - stepFinished: current outcome:Search the link UTest:Example: {strFirsName=Camilo, strLastName=Cadavid, strEmail=m5isflissewtdo@mail.com, strCity=Manizales, strPostalCode=170002, strMobile=Apple, strModel=iPhone, strOperatingSystem=iOS 2.0, strPassword=Prueba1155+, strConfPassword=Prueba1155+, strTitle=Welcome to the world's largest community of freelance software testers!} [Given that Camilo wants automation the create new user in Utest [Cristian open up [Cristian opens the Utest page], Cristian create [Cristian clicks on button that shows us the form to register]], When he complete the form for create user
| strFirsName | strLastName | strEmail | strCity | strPostalCode | strMobile | strModel | strOperatingSystem | strPassword | strConfPassword |
| Camilo | Cadavid | m5isflissewtdo@mail.com | Manizales | 170002 | Apple | iPhone | iOS 2.0 | Prueba1155+ | Prueba1155+ | [Cristian enter data f1 [Cristian enters 'Camilo' into input for write first name, Cristian enters 'Cadavid' into input for write last name, Cristian enters 'm5isflissewtdo@mail.com' into input for write email address, Cristian clicks on input for write month of birth, Cristian clicks on Select month of birth, Cristian clicks on input for write day of birth, Cristian clicks on Select day of birth, Cristian clicks on input for write year of birth, Cristian clicks on Select year of birth, Cristian clicks on Button that continue the next page], Cristian enter data f2 [Cristian enters 'Manizales' into Input for write and search city, Cristian types 'ARROW_DOWN' in Input for write and search city, Cristian types 'ENTER' in Input for write and search city, Cristian enters '170002' into Input for write postal code, Cristian clicks on Button that continue the next page], Cristian enter data f3 [Cristian clicks on Open the list of mobile devices, Cristian enters 'Apple' into write the mobile device, Cristian types 'ENTER' in write the mobile device, Cristian clicks on Open the list of model, Cristian enters 'iPhone' into write the mobile device model, Cristian types 'ENTER' in write the mobile device model, Cristian clicks on Open the list of Operating System, Cristian enters 'iOS 2.0' into write the operating system, Cristian types 'ENTER' in write the operating system, Cristian clicks on Button that continue the next page]]]
[Test worker] WARN net.thucydides.core.steps.BaseStepListener - stepStarted: net.thucydides.core.steps.ExecutedStepDescription@196c0137
[Test worker] WARN net.thucydides.core.steps.BaseStepListener - stepStarted: net.thucydides.core.steps.ExecutedStepDescription@c6d3896
[Test worker] WARN net.thucydides.core.steps.BaseStepListener - stepFinished: current outcome:Search the link UTest:Example: {strFirsName=Camilo, strLastName=Cadavid, strEmail=m5isflissewtdo@mail.com, strCity=Manizales, strPostalCode=170002, strMobile=Apple, strModel=iPhone, strOperatingSystem=iOS 2.0, strPassword=Prueba1155+, strConfPassword=Prueba1155+, strTitle=Welcome to the world's largest community of freelance software testers!} [Given that Camilo wants automation the create new user in Utest [Cristian open up [Cristian opens the Utest page], Cristian create [Cristian clicks on button that shows us the form to register]], When he complete the form for create user
| strFirsName | strLastName | strEmail | strCity | strPostalCode | strMobile | strModel | strOperatingSystem | strPassword | strConfPassword |
| Camilo | Cadavid | m5isflissewtdo@mail.com | Manizales | 170002 | Apple | iPhone | iOS 2.0 | Prueba1155+ | Prueba1155+ | [Cristian enter data f1 [Cristian enters 'Camilo' into input for write first name, Cristian enters 'Cadavid' into input for write last name, Cristian enters 'm5isflissewtdo@mail.com' into input for write email address, Cristian clicks on input for write month of birth, Cristian clicks on Select month of birth, Cristian clicks on input for write day of birth, Cristian clicks on Select day of birth, Cristian clicks on input for write year of birth, Cristian clicks on Select year of birth, Cristian clicks on Button that continue the next page], Cristian enter data f2 [Cristian enters 'Manizales' into Input for write and search city, Cristian types 'ARROW_DOWN' in Input for write and search city, Cristian types 'ENTER' in Input for write and search city, Cristian enters '170002' into Input for write postal code, Cristian clicks on Button that continue the next page], Cristian enter data f3 [Cristian clicks on Open the list of mobile devices, Cristian enters 'Apple' into write the mobile device, Cristian types 'ENTER' in write the mobile device, Cristian clicks on Open the list of model, Cristian enters 'iPhone' into write the mobile device model, Cristian types 'ENTER' in write the mobile device model, Cristian clicks on Open the list of Operating System, Cristian enters 'iOS 2.0' into write the operating system, Cristian types 'ENTER' in write the operating system, Cristian clicks on Button that continue the next page], Cristian enter data f4 [Cristian enters 'Prueba1155+' into Create the password for user]]]
[Test worker] WARN net.thucydides.core.steps.BaseStepListener - stepStarted: net.thucydides.core.steps.ExecutedStepDescription@4b648cc6
[Test worker] WARN net.thucydides.core.steps.BaseStepListener - stepFinished: current outcome:Search the link UTest:Example: {strFirsName=Camilo, strLastName=Cadavid, strEmail=m5isflissewtdo@mail.com, strCity=Manizales, strPostalCode=170002, strMobile=Apple, strModel=iPhone, strOperatingSystem=iOS 2.0, strPassword=Prueba1155+, strConfPassword=Prueba1155+, strTitle=Welcome to the world's largest community of freelance software testers!} [Given that Camilo wants automation the create new user in Utest [Cristian open up [Cristian opens the Utest page], Cristian create [Cristian clicks on button that shows us the form to register]], When he complete the form for create user
| strFirsName | strLastName | strEmail | strCity | strPostalCode | strMobile | strModel | strOperatingSystem | strPassword | strConfPassword |
| Camilo | Cadavid | m5isflissewtdo@mail.com | Manizales | 170002 | Apple | iPhone | iOS 2.0 | Prueba1155+ | Prueba1155+ | [Cristian enter data f1 [Cristian enters 'Camilo' into input for write first name, Cristian enters 'Cadavid' into input for write last name, Cristian enters 'm5isflissewtdo@mail.com' into input for write email address, Cristian clicks on input for write month of birth, Cristian clicks on Select month of birth, Cristian clicks on input for write day of birth, Cristian clicks on Select day of birth, Cristian clicks on input for write year of birth, Cristian clicks on Select year of birth, Cristian clicks on Button that continue the next page], Cristian enter data f2 [Cristian enters 'Manizales' into Input for write and search city, Cristian types 'ARROW_DOWN' in Input for write and search city, Cristian types 'ENTER' in Input for write and search city, Cristian enters '170002' into Input for write postal code, Cristian clicks on Button that continue the next page], Cristian enter data f3 [Cristian clicks on Open the list of mobile devices, Cristian enters 'Apple' into write the mobile device, Cristian types 'ENTER' in write the mobile device, Cristian clicks on Open the list of model, Cristian enters 'iPhone' into write the mobile device model, Cristian types 'ENTER' in write the mobile device model, Cristian clicks on Open the list of Operating System, Cristian enters 'iOS 2.0' into write the operating system, Cristian types 'ENTER' in write the operating system, Cristian clicks on Button that continue the next page], Cristian enter data f4 [Cristian enters 'Prueba1155+' into Create the password for user, Cristian enters 'Prueba1155+' into Confirm the password for user]]]
[Test worker] WARN net.thucydides.core.steps.BaseStepListener - stepStarted: net.thucydides.core.steps.ExecutedStepDescription@662e178
[Test worker] WARN net.thucydides.core.steps.BaseStepListener - stepFinished: current outcome:Search the link UTest:Example: {strFirsName=Camilo, strLastName=Cadavid, strEmail=m5isflissewtdo@mail.com, strCity=Manizales, strPostalCode=170002, strMobile=Apple, strModel=iPhone, strOperatingSystem=iOS 2.0, strPassword=Prueba1155+, strConfPassword=Prueba1155+, strTitle=Welcome to the world's largest community of freelance software testers!} [Given that Camilo wants automation the create new user in Utest [Cristian open up [Cristian opens the Utest page], Cristian create [Cristian clicks on button that shows us the form to register]], When he complete the form for create user
| strFirsName | strLastName | strEmail | strCity | strPostalCode | strMobile | strModel | strOperatingSystem | strPassword | strConfPassword |
| Camilo | Cadavid | m5isflissewtdo@mail.com | Manizales | 170002 | Apple | iPhone | iOS 2.0 | Prueba1155+ | Prueba1155+ | [Cristian enter data f1 [Cristian enters 'Camilo' into input for write first name, Cristian enters 'Cadavid' into input for write last name, Cristian enters 'm5isflissewtdo@mail.com' into input for write email address, Cristian clicks on input for write month of birth, Cristian clicks on Select month of birth, Cristian clicks on input for write day of birth, Cristian clicks on Select day of birth, Cristian clicks on input for write year of birth, Cristian clicks on Select year of birth, Cristian clicks on Button that continue the next page], Cristian enter data f2 [Cristian enters 'Manizales' into Input for write and search city, Cristian types 'ARROW_DOWN' in Input for write and search city, Cristian types 'ENTER' in Input for write and search city, Cristian enters '170002' into Input for write postal code, Cristian clicks on Button that continue the next page], Cristian enter data f3 [Cristian clicks on Open the list of mobile devices, Cristian enters 'Apple' into write the mobile device, Cristian types 'ENTER' in write the mobile device, Cristian clicks on Open the list of model, Cristian enters 'iPhone' into write the mobile device model, Cristian types 'ENTER' in write the mobile device model, Cristian clicks on Open the list of Operating System, Cristian enters 'iOS 2.0' into write the operating system, Cristian types 'ENTER' in write the operating system, Cristian clicks on Button that continue the next page], Cristian enter data f4 [Cristian enters 'Prueba1155+' into Create the password for user, Cristian enters 'Prueba1155+' into Confirm the password for user, Cristian clicks on Confirm for stay informed from email]]]
[Test worker] WARN net.thucydides.core.steps.BaseStepListener - stepStarted: net.thucydides.core.steps.ExecutedStepDescription@6e302832
[Test worker] WARN net.thucydides.core.steps.BaseStepListener - stepFinished: current outcome:Search the link UTest:Example: {strFirsName=Camilo, strLastName=Cadavid, strEmail=m5isflissewtdo@mail.com, strCity=Manizales, strPostalCode=170002, strMobile=Apple, strModel=iPhone, strOperatingSystem=iOS 2.0, strPassword=Prueba1155+, strConfPassword=Prueba1155+, strTitle=Welcome to the world's largest community of freelance software testers!} [Given that Camilo wants automation the create new user in Utest [Cristian open up [Cristian opens the Utest page], Cristian create [Cristian clicks on button that shows us the form to register]], When he complete the form for create user
| strFirsName | strLastName | strEmail | strCity | strPostalCode | strMobile | strModel | strOperatingSystem | strPassword | strConfPassword |
| Camilo | Cadavid | m5isflissewtdo@mail.com | Manizales | 170002 | Apple | iPhone | iOS 2.0 | Prueba1155+ | Prueba1155+ | [Cristian enter data f1 [Cristian enters 'Camilo' into input for write first name, Cristian enters 'Cadavid' into input for write last name, Cristian enters 'm5isflissewtdo@mail.com' into input for write email address, Cristian clicks on input for write month of birth, Cristian clicks on Select month of birth, Cristian clicks on input for write day of birth, Cristian clicks on Select day of birth, Cristian clicks on input for write year of birth, Cristian clicks on Select year of birth, Cristian clicks on Button that continue the next page], Cristian enter data f2 [Cristian enters 'Manizales' into Input for write and search city, Cristian types 'ARROW_DOWN' in Input for write and search city, Cristian types 'ENTER' in Input for write and search city, Cristian enters '170002' into Input for write postal code, Cristian clicks on Button that continue the next page], Cristian enter data f3 [Cristian clicks on Open the list of mobile devices, Cristian enters 'Apple' into write the mobile device, Cristian types 'ENTER' in write the mobile device, Cristian clicks on Open the list of model, Cristian enters 'iPhone' into write the mobile device model, Cristian types 'ENTER' in write the mobile device model, Cristian clicks on Open the list of Operating System, Cristian enters 'iOS 2.0' into write the operating system, Cristian types 'ENTER' in write the operating system, Cristian clicks on Button that continue the next page], Cristian enter data f4 [Cristian enters 'Prueba1155+' into Create the password for user, Cristian enters 'Prueba1155+' into Confirm the password for user, Cristian clicks on Confirm for stay informed from email, Cristian clicks on Accept the terms ]]]
[Test worker] WARN net.thucydides.core.steps.BaseStepListener - stepStarted: net.thucydides.core.steps.ExecutedStepDescription@6c7527e4
[Test worker] WARN net.thucydides.core.steps.BaseStepListener - stepFinished: current outcome:Search the link UTest:Example: {strFirsName=Camilo, strLastName=Cadavid, strEmail=m5isflissewtdo@mail.com, strCity=Manizales, strPostalCode=170002, strMobile=Apple, strModel=iPhone, strOperatingSystem=iOS 2.0, strPassword=Prueba1155+, strConfPassword=Prueba1155+, strTitle=Welcome to the world's largest community of freelance software testers!} [Given that Camilo wants automation the create new user in Utest [Cristian open up [Cristian opens the Utest page], Cristian create [Cristian clicks on button that shows us the form to register]], When he complete the form for create user
| strFirsName | strLastName | strEmail | strCity | strPostalCode | strMobile | strModel | strOperatingSystem | strPassword | strConfPassword |
| Camilo | Cadavid | m5isflissewtdo@mail.com | Manizales | 170002 | Apple | iPhone | iOS 2.0 | Prueba1155+ | Prueba1155+ | [Cristian enter data f1 [Cristian enters 'Camilo' into input for write first name, Cristian enters 'Cadavid' into input for write last name, Cristian enters 'm5isflissewtdo@mail.com' into input for write email address, Cristian clicks on input for write month of birth, Cristian clicks on Select month of birth, Cristian clicks on input for write day of birth, Cristian clicks on Select day of birth, Cristian clicks on input for write year of birth, Cristian clicks on Select year of birth, Cristian clicks on Button that continue the next page], Cristian enter data f2 [Cristian enters 'Manizales' into Input for write and search city, Cristian types 'ARROW_DOWN' in Input for write and search city, Cristian types 'ENTER' in Input for write and search city, Cristian enters '170002' into Input for write postal code, Cristian clicks on Button that continue the next page], Cristian enter data f3 [Cristian clicks on Open the list of mobile devices, Cristian enters 'Apple' into write the mobile device, Cristian types 'ENTER' in write the mobile device, Cristian clicks on Open the list of model, Cristian enters 'iPhone' into write the mobile device model, Cristian types 'ENTER' in write the mobile device model, Cristian clicks on Open the list of Operating System, Cristian enters 'iOS 2.0' into write the operating system, Cristian types 'ENTER' in write the operating system, Cristian clicks on Button that continue the next page], Cristian enter data f4 [Cristian enters 'Prueba1155+' into Create the password for user, Cristian enters 'Prueba1155+' into Confirm the password for user, Cristian clicks on Confirm for stay informed from email, Cristian clicks on Accept the terms , Cristian clicks on Accept the Privacy and security policy ]]]
[Test worker] WARN net.thucydides.core.steps.BaseStepListener - stepStarted: net.thucydides.core.steps.ExecutedStepDescription@669f763a
[Test worker] WARN net.thucydides.core.steps.BaseStepListener - stepFinished: current outcome:Search the link UTest:Example: {strFirsName=Camilo, strLastName=Cadavid, strEmail=m5isflissewtdo@mail.com, strCity=Manizales, strPostalCode=170002, strMobile=Apple, strModel=iPhone, strOperatingSystem=iOS 2.0, strPassword=Prueba1155+, strConfPassword=Prueba1155+, strTitle=Welcome to the world's largest community of freelance software testers!} [Given that Camilo wants automation the create new user in Utest [Cristian open up [Cristian opens the Utest page], Cristian create [Cristian clicks on button that shows us the form to register]], When he complete the form for create user
| strFirsName | strLastName | strEmail | strCity | strPostalCode | strMobile | strModel | strOperatingSystem | strPassword | strConfPassword |
| Camilo | Cadavid | m5isflissewtdo@mail.com | Manizales | 170002 | Apple | iPhone | iOS 2.0 | Prueba1155+ | Prueba1155+ | [Cristian enter data f1 [Cristian enters 'Camilo' into input for write first name, Cristian enters 'Cadavid' into input for write last name, Cristian enters 'm5isflissewtdo@mail.com' into input for write email address, Cristian clicks on input for write month of birth, Cristian clicks on Select month of birth, Cristian clicks on input for write day of birth, Cristian clicks on Select day of birth, Cristian clicks on input for write year of birth, Cristian clicks on Select year of birth, Cristian clicks on Button that continue the next page], Cristian enter data f2 [Cristian enters 'Manizales' into Input for write and search city, Cristian types 'ARROW_DOWN' in Input for write and search city, Cristian types 'ENTER' in Input for write and search city, Cristian enters '170002' into Input for write postal code, Cristian clicks on Button that continue the next page], Cristian enter data f3 [Cristian clicks on Open the list of mobile devices, Cristian enters 'Apple' into write the mobile device, Cristian types 'ENTER' in write the mobile device, Cristian clicks on Open the list of model, Cristian enters 'iPhone' into write the mobile device model, Cristian types 'ENTER' in write the mobile device model, Cristian clicks on Open the list of Operating System, Cristian enters 'iOS 2.0' into write the operating system, Cristian types 'ENTER' in write the operating system, Cristian clicks on Button that continue the next page], Cristian enter data f4 [Cristian enters 'Prueba1155+' into Create the password for user, Cristian enters 'Prueba1155+' into Confirm the password for user, Cristian clicks on Confirm for stay informed from email, Cristian clicks on Accept the terms , Cristian clicks on Accept the Privacy and security policy , Cristian clicks on Button that finalice end the register ]]]
[Test worker] WARN net.thucydides.core.steps.BaseStepListener - stepFinished: current outcome:Search the link UTest:Example: {strFirsName=Camilo, strLastName=Cadavid, strEmail=m5isflissewtdo@mail.com, strCity=Manizales, strPostalCode=170002, strMobile=Apple, strModel=iPhone, strOperatingSystem=iOS 2.0, strPassword=Prueba1155+, strConfPassword=Prueba1155+, strTitle=Welcome to the world's largest community of freelance software testers!} [Given that Camilo wants automation the create new user in Utest [Cristian open up [Cristian opens the Utest page], Cristian create [Cristian clicks on button that shows us the form to register]], When he complete the form for create user
| strFirsName | strLastName | strEmail | strCity | strPostalCode | strMobile | strModel | strOperatingSystem | strPassword | strConfPassword |
| Camilo | Cadavid | m5isflissewtdo@mail.com | Manizales | 170002 | Apple | iPhone | iOS 2.0 | Prueba1155+ | Prueba1155+ | [Cristian enter data f1 [Cristian enters 'Camilo' into input for write first name, Cristian enters 'Cadavid' into input for write last name, Cristian enters 'm5isflissewtdo@mail.com' into input for write email address, Cristian clicks on input for write month of birth, Cristian clicks on Select month of birth, Cristian clicks on input for write day of birth, Cristian clicks on Select day of birth, Cristian clicks on input for write year of birth, Cristian clicks on Select year of birth, Cristian clicks on Button that continue the next page], Cristian enter data f2 [Cristian enters 'Manizales' into Input for write and search city, Cristian types 'ARROW_DOWN' in Input for write and search city, Cristian types 'ENTER' in Input for write and search city, Cristian enters '170002' into Input for write postal code, Cristian clicks on Button that continue the next page], Cristian enter data f3 [Cristian clicks on Open the list of mobile devices, Cristian enters 'Apple' into write the mobile device, Cristian types 'ENTER' in write the mobile device, Cristian clicks on Open the list of model, Cristian enters 'iPhone' into write the mobile device model, Cristian types 'ENTER' in write the mobile device model, Cristian clicks on Open the list of Operating System, Cristian enters 'iOS 2.0' into write the operating system, Cristian types 'ENTER' in write the operating system, Cristian clicks on Button that continue the next page], Cristian enter data f4 [Cristian enters 'Prueba1155+' into Create the password for user, Cristian enters 'Prueba1155+' into Confirm the password for user, Cristian clicks on Confirm for stay informed from email, Cristian clicks on Accept the terms , Cristian clicks on Accept the Privacy and security policy , Cristian clicks on Button that finalice end the register ]]]
[Test worker] WARN net.thucydides.core.steps.BaseStepListener - stepFinished: current outcome:Search the link UTest:Example: {strFirsName=Camilo, strLastName=Cadavid, strEmail=m5isflissewtdo@mail.com, strCity=Manizales, strPostalCode=170002, strMobile=Apple, strModel=iPhone, strOperatingSystem=iOS 2.0, strPassword=Prueba1155+, strConfPassword=Prueba1155+, strTitle=Welcome to the world's largest community of freelance software testers!} [Given that Camilo wants automation the create new user in Utest [Cristian open up [Cristian opens the Utest page], Cristian create [Cristian clicks on button that shows us the form to register]], When he complete the form for create user
| strFirsName | strLastName | strEmail | strCity | strPostalCode | strMobile | strModel | strOperatingSystem | strPassword | strConfPassword |
| Camilo | Cadavid | m5isflissewtdo@mail.com | Manizales | 170002 | Apple | iPhone | iOS 2.0 | Prueba1155+ | Prueba1155+ | [Cristian enter data f1 [Cristian enters 'Camilo' into input for write first name, Cristian enters 'Cadavid' into input for write last name, Cristian enters 'm5isflissewtdo@mail.com' into input for write email address, Cristian clicks on input for write month of birth, Cristian clicks on Select month of birth, Cristian clicks on input for write day of birth, Cristian clicks on Select day of birth, Cristian clicks on input for write year of birth, Cristian clicks on Select year of birth, Cristian clicks on Button that continue the next page], Cristian enter data f2 [Cristian enters 'Manizales' into Input for write and search city, Cristian types 'ARROW_DOWN' in Input for write and search city, Cristian types 'ENTER' in Input for write and search city, Cristian enters '170002' into Input for write postal code, Cristian clicks on Button that continue the next page], Cristian enter data f3 [Cristian clicks on Open the list of mobile devices, Cristian enters 'Apple' into write the mobile device, Cristian types 'ENTER' in write the mobile device, Cristian clicks on Open the list of model, Cristian enters 'iPhone' into write the mobile device model, Cristian types 'ENTER' in write the mobile device model, Cristian clicks on Open the list of Operating System, Cristian enters 'iOS 2.0' into write the operating system, Cristian types 'ENTER' in write the operating system, Cristian clicks on Button that continue the next page], Cristian enter data f4 [Cristian enters 'Prueba1155+' into Create the password for user, Cristian enters 'Prueba1155+' into Confirm the password for user, Cristian clicks on Confirm for stay informed from email, Cristian clicks on Accept the terms , Cristian clicks on Accept the Privacy and security policy , Cristian clicks on Button that finalice end the register ]]]
[Test worker] WARN net.thucydides.core.steps.BaseStepListener - stepStarted: net.thucydides.core.steps.ExecutedStepDescription@3dc73be
[Test worker] WARN net.thucydides.core.steps.BaseStepListener - stepStarted: net.thucydides.core.steps.ExecutedStepDescription@301304bc
[Test worker] WARN net.thucydides.core.steps.BaseStepListener - stepFinished: current outcome:Search the link UTest:Example: {strFirsName=Camilo, strLastName=Cadavid, strEmail=m5isflissewtdo@mail.com, strCity=Manizales, strPostalCode=170002, strMobile=Apple, strModel=iPhone, strOperatingSystem=iOS 2.0, strPassword=Prueba1155+, strConfPassword=Prueba1155+, strTitle=Welcome to the world's largest community of freelance software testers!} [Given that Camilo wants automation the create new user in Utest [Cristian open up [Cristian opens the Utest page], Cristian create [Cristian clicks on button that shows us the form to register]], When he complete the form for create user
| strFirsName | strLastName | strEmail | strCity | strPostalCode | strMobile | strModel | strOperatingSystem | strPassword | strConfPassword |
| Camilo | Cadavid | m5isflissewtdo@mail.com | Manizales | 170002 | Apple | iPhone | iOS 2.0 | Prueba1155+ | Prueba1155+ | [Cristian enter data f1 [Cristian enters 'Camilo' into input for write first name, Cristian enters 'Cadavid' into input for write last name, Cristian enters 'm5isflissewtdo@mail.com' into input for write email address, Cristian clicks on input for write month of birth, Cristian clicks on Select month of birth, Cristian clicks on input for write day of birth, Cristian clicks on Select day of birth, Cristian clicks on input for write year of birth, Cristian clicks on Select year of birth, Cristian clicks on Button that continue the next page], Cristian enter data f2 [Cristian enters 'Manizales' into Input for write and search city, Cristian types 'ARROW_DOWN' in Input for write and search city, Cristian types 'ENTER' in Input for write and search city, Cristian enters '170002' into Input for write postal code, Cristian clicks on Button that continue the next page], Cristian enter data f3 [Cristian clicks on Open the list of mobile devices, Cristian enters 'Apple' into write the mobile device, Cristian types 'ENTER' in write the mobile device, Cristian clicks on Open the list of model, Cristian enters 'iPhone' into write the mobile device model, Cristian types 'ENTER' in write the mobile device model, Cristian clicks on Open the list of Operating System, Cristian enters 'iOS 2.0' into write the operating system, Cristian types 'ENTER' in write the operating system, Cristian clicks on Button that continue the next page], Cristian enter data f4 [Cristian enters 'Prueba1155+' into Create the password for user, Cristian enters 'Prueba1155+' into Confirm the password for user, Cristian clicks on Confirm for stay informed from email, Cristian clicks on Accept the terms , Cristian clicks on Accept the Privacy and security policy , Cristian clicks on Button that finalice end the register ]], Then he creates a new user in Utest
| strTitle |
| Welcome to the world's largest community of freelance software testers! | [Then answer]]
[Test worker] WARN net.thucydides.core.steps.BaseStepListener - stepFinished: current outcome:Search the link UTest:Example: {strFirsName=Camilo, strLastName=Cadavid, strEmail=m5isflissewtdo@mail.com, strCity=Manizales, strPostalCode=170002, strMobile=Apple, strModel=iPhone, strOperatingSystem=iOS 2.0, strPassword=Prueba1155+, strConfPassword=Prueba1155+, strTitle=Welcome to the world's largest community of freelance software testers!} [Given that Camilo wants automation the create new user in Utest [Cristian open up [Cristian opens the Utest page], Cristian create [Cristian clicks on button that shows us the form to register]], When he complete the form for create user
| strFirsName | strLastName | strEmail | strCity | strPostalCode | strMobile | strModel | strOperatingSystem | strPassword | strConfPassword |
| Camilo | Cadavid | m5isflissewtdo@mail.com | Manizales | 170002 | Apple | iPhone | iOS 2.0 | Prueba1155+ | Prueba1155+ | [Cristian enter data f1 [Cristian enters 'Camilo' into input for write first name, Cristian enters 'Cadavid' into input for write last name, Cristian enters 'm5isflissewtdo@mail.com' into input for write email address, Cristian clicks on input for write month of birth, Cristian clicks on Select month of birth, Cristian clicks on input for write day of birth, Cristian clicks on Select day of birth, Cristian clicks on input for write year of birth, Cristian clicks on Select year of birth, Cristian clicks on Button that continue the next page], Cristian enter data f2 [Cristian enters 'Manizales' into Input for write and search city, Cristian types 'ARROW_DOWN' in Input for write and search city, Cristian types 'ENTER' in Input for write and search city, Cristian enters '170002' into Input for write postal code, Cristian clicks on Button that continue the next page], Cristian enter data f3 [Cristian clicks on Open the list of mobile devices, Cristian enters 'Apple' into write the mobile device, Cristian types 'ENTER' in write the mobile device, Cristian clicks on Open the list of model, Cristian enters 'iPhone' into write the mobile device model, Cristian types 'ENTER' in write the mobile device model, Cristian clicks on Open the list of Operating System, Cristian enters 'iOS 2.0' into write the operating system, Cristian types 'ENTER' in write the operating system, Cristian clicks on Button that continue the next page], Cristian enter data f4 [Cristian enters 'Prueba1155+' into Create the password for user, Cristian enters 'Prueba1155+' into Confirm the password for user, Cristian clicks on Confirm for stay informed from email, Cristian clicks on Accept the terms , Cristian clicks on Accept the Privacy and security policy , Cristian clicks on Button that finalice end the register ]], Then he creates a new user in Utest
| strTitle |
| Welcome to the world's largest community of freelance software testers! | [Then answer]]
[Test worker] WARN net.thucydides.core.steps.BaseStepListener - stepFinished: current outcome:Search the link UTest:Example: {strFirsName=Camilo, strLastName=Cadavid, strEmail=m5isflissewtdo@mail.com, strCity=Manizales, strPostalCode=170002, strMobile=Apple, strModel=iPhone, strOperatingSystem=iOS 2.0, strPassword=Prueba1155+, strConfPassword=Prueba1155+, strTitle=Welcome to the world's largest community of freelance software testers!} [Given that Camilo wants automation the create new user in Utest [Cristian open up [Cristian opens the Utest page], Cristian create [Cristian clicks on button that shows us the form to register]], When he complete the form for create user
| strFirsName | strLastName | strEmail | strCity | strPostalCode | strMobile | strModel | strOperatingSystem | strPassword | strConfPassword |
| Camilo | Cadavid | m5isflissewtdo@mail.com | Manizales | 170002 | Apple | iPhone | iOS 2.0 | Prueba1155+ | Prueba1155+ | [Cristian enter data f1 [Cristian enters 'Camilo' into input for write first name, Cristian enters 'Cadavid' into input for write last name, Cristian enters 'm5isflissewtdo@mail.com' into input for write email address, Cristian clicks on input for write month of birth, Cristian clicks on Select month of birth, Cristian clicks on input for write day of birth, Cristian clicks on Select day of birth, Cristian clicks on input for write year of birth, Cristian clicks on Select year of birth, Cristian clicks on Button that continue the next page], Cristian enter data f2 [Cristian enters 'Manizales' into Input for write and search city, Cristian types 'ARROW_DOWN' in Input for write and search city, Cristian types 'ENTER' in Input for write and search city, Cristian enters '170002' into Input for write postal code, Cristian clicks on Button that continue the next page], Cristian enter data f3 [Cristian clicks on Open the list of mobile devices, Cristian enters 'Apple' into write the mobile device, Cristian types 'ENTER' in write the mobile device, Cristian clicks on Open the list of model, Cristian enters 'iPhone' into write the mobile device model, Cristian types 'ENTER' in write the mobile device model, Cristian clicks on Open the list of Operating System, Cristian enters 'iOS 2.0' into write the operating system, Cristian types 'ENTER' in write the operating system, Cristian clicks on Button that continue the next page], Cristian enter data f4 [Cristian enters 'Prueba1155+' into Create the password for user, Cristian enters 'Prueba1155+' into Confirm the password for user, Cristian clicks on Confirm for stay informed from email, Cristian clicks on Accept the terms , Cristian clicks on Accept the Privacy and security policy , Cristian clicks on Button that finalice end the register ]], Then he creates a new user in Utest
| strTitle |
| Welcome to the world's largest community of freelance software testers! | [Then answer]]
[Test worker] WARN net.thucydides.core.steps.BaseStepListener - testFinished: Search the link UTest:Example: {strFirsName=Camilo, strLastName=Cadavid, strEmail=m5isflissewtdo@mail.com, strCity=Manizales, strPostalCode=170002, strMobile=Apple, strModel=iPhone, strOperatingSystem=iOS 2.0, strPassword=Prueba1155+, strConfPassword=Prueba1155+, strTitle=Welcome to the world's largest community of freelance software testers!} [Given that Camilo wants automation the create new user in Utest [Cristian open up [Cristian opens the Utest page], Cristian create [Cristian clicks on button that shows us the form to register]], When he complete the form for create user
| strFirsName | strLastName | strEmail | strCity | strPostalCode | strMobile | strModel | strOperatingSystem | strPassword | strConfPassword |
| Camilo | Cadavid | m5isflissewtdo@mail.com | Manizales | 170002 | Apple | iPhone | iOS 2.0 | Prueba1155+ | Prueba1155+ | [Cristian enter data f1 [Cristian enters 'Camilo' into input for write first name, Cristian enters 'Cadavid' into input for write last name, Cristian enters 'm5isflissewtdo@mail.com' into input for write email address, Cristian clicks on input for write month of birth, Cristian clicks on Select month of birth, Cristian clicks on input for write day of birth, Cristian clicks on Select day of birth, Cristian clicks on input for write year of birth, Cristian clicks on Select year of birth, Cristian clicks on Button that continue the next page], Cristian enter data f2 [Cristian enters 'Manizales' into Input for write and search city, Cristian types 'ARROW_DOWN' in Input for write and search city, Cristian types 'ENTER' in Input for write and search city, Cristian enters '170002' into Input for write postal code, Cristian clicks on Button that continue the next page], Cristian enter data f3 [Cristian clicks on Open the list of mobile devices, Cristian enters 'Apple' into write the mobile device, Cristian types 'ENTER' in write the mobile device, Cristian clicks on Open the list of model, Cristian enters 'iPhone' into write the mobile device model, Cristian types 'ENTER' in write the mobile device model, Cristian clicks on Open the list of Operating System, Cristian enters 'iOS 2.0' into write the operating system, Cristian types 'ENTER' in write the operating system, Cristian clicks on Button that continue the next page], Cristian enter data f4 [Cristian enters 'Prueba1155+' into Create the password for user, Cristian enters 'Prueba1155+' into Confirm the password for user, Cristian clicks on Confirm for stay informed from email, Cristian clicks on Accept the terms , Cristian clicks on Accept the Privacy and security policy , Cristian clicks on Button that finalice end the register ]], Then he creates a new user in Utest
| strTitle |
| Welcome to the world's largest community of freelance software testers! | [Then answer]]
[Test worker] WARN net.thucydides.core.steps.BaseStepListener - TestOutcomes: [Search the link UTest:Example: {strFirsName=Camilo, strLastName=Cadavid, strEmail=m5isflissewtdo@mail.com, strCity=Manizales, strPostalCode=170002, strMobile=Apple, strModel=iPhone, strOperatingSystem=iOS 2.0, strPassword=Prueba1155+, strConfPassword=Prueba1155+, strTitle=Welcome to the world's largest community of freelance software testers!} [Given that Camilo wants automation the create new user in Utest [Cristian open up [Cristian opens the Utest page], Cristian create [Cristian clicks on button that shows us the form to register]], When he complete the form for create user
| strFirsName | strLastName | strEmail | strCity | strPostalCode | strMobile | strModel | strOperatingSystem | strPassword | strConfPassword |
| Camilo | Cadavid | m5isflissewtdo@mail.com | Manizales | 170002 | Apple | iPhone | iOS 2.0 | Prueba1155+ | Prueba1155+ | [Cristian enter data f1 [Cristian enters 'Camilo' into input for write first name, Cristian enters 'Cadavid' into input for write last name, Cristian enters 'm5isflissewtdo@mail.com' into input for write email address, Cristian clicks on input for write month of birth, Cristian clicks on Select month of birth, Cristian clicks on input for write day of birth, Cristian clicks on Select day of birth, Cristian clicks on input for write year of birth, Cristian clicks on Select year of birth, Cristian clicks on Button that continue the next page], Cristian enter data f2 [Cristian enters 'Manizales' into Input for write and search city, Cristian types 'ARROW_DOWN' in Input for write and search city, Cristian types 'ENTER' in Input for write and search city, Cristian enters '170002' into Input for write postal code, Cristian clicks on Button that continue the next page], Cristian enter data f3 [Cristian clicks on Open the list of mobile devices, Cristian enters 'Apple' into write the mobile device, Cristian types 'ENTER' in write the mobile device, Cristian clicks on Open the list of model, Cristian enters 'iPhone' into write the mobile device model, Cristian types 'ENTER' in write the mobile device model, Cristian clicks on Open the list of Operating System, Cristian enters 'iOS 2.0' into write the operating system, Cristian types 'ENTER' in write the operating system, Cristian clicks on Button that continue the next page], Cristian enter data f4 [Cristian enters 'Prueba1155+' into Create the password for user, Cristian enters 'Prueba1155+' into Confirm the password for user, Cristian clicks on Confirm for stay informed from email, Cristian clicks on Accept the terms , Cristian clicks on Accept the Privacy and security policy , Cristian clicks on Button that finalice end the register ]], Then he creates a new user in Utest
| strTitle |
| Welcome to the world's largest community of freelance software testers! | [Then answer]]]
[Test worker] WARN net.thucydides.core.steps.BaseStepListener - Final testOutcomes: [Search the link UTest:Example: {strFirsName=Camilo, strLastName=Cadavid, strEmail=m5isflissewtdo@mail.com, strCity=Manizales, strPostalCode=170002, strMobile=Apple, strModel=iPhone, strOperatingSystem=iOS 2.0, strPassword=Prueba1155+, strConfPassword=Prueba1155+, strTitle=Welcome to the world's largest community of freelance software testers!} [Given that Camilo wants automation the create new user in Utest [Cristian open up [Cristian opens the Utest page], Cristian create [Cristian clicks on button that shows us the form to register]], When he complete the form for create user
| strFirsName | strLastName | strEmail | strCity | strPostalCode | strMobile | strModel | strOperatingSystem | strPassword | strConfPassword |
| Camilo | Cadavid | m5isflissewtdo@mail.com | Manizales | 170002 | Apple | iPhone | iOS 2.0 | Prueba1155+ | Prueba1155+ | [Cristian enter data f1 [Cristian enters 'Camilo' into input for write first name, Cristian enters 'Cadavid' into input for write last name, Cristian enters 'm5isflissewtdo@mail.com' into input for write email address, Cristian clicks on input for write month of birth, Cristian clicks on Select month of birth, Cristian clicks on input for write day of birth, Cristian clicks on Select day of birth, Cristian clicks on input for write year of birth, Cristian clicks on Select year of birth, Cristian clicks on Button that continue the next page], Cristian enter data f2 [Cristian enters 'Manizales' into Input for write and search city, Cristian types 'ARROW_DOWN' in Input for write and search city, Cristian types 'ENTER' in Input for write and search city, Cristian enters '170002' into Input for write postal code, Cristian clicks on Button that continue the next page], Cristian enter data f3 [Cristian clicks on Open the list of mobile devices, Cristian enters 'Apple' into write the mobile device, Cristian types 'ENTER' in write the mobile device, Cristian clicks on Open the list of model, Cristian enters 'iPhone' into write the mobile device model, Cristian types 'ENTER' in write the mobile device model, Cristian clicks on Open the list of Operating System, Cristian enters 'iOS 2.0' into write the operating system, Cristian types 'ENTER' in write the operating system, Cristian clicks on Button that continue the next page], Cristian enter data f4 [Cristian enters 'Prueba1155+' into Create the password for user, Cristian enters 'Prueba1155+' into Confirm the password for user, Cristian clicks on Confirm for stay informed from email, Cristian clicks on Accept the terms , Cristian clicks on Accept the Privacy and security policy , Cristian clicks on Button that finalice end the register ]], Then he creates a new user in Utest
| strTitle |
| Welcome to the world's largest community of freelance software testers! | [Then answer]]]
[Test worker] INFO net.thucydides.core.steps.ConsoleLoggingListener - 
        __    _____ _____ ____ _____   ____   _    ____  ____  _____ ____  
  _     \ \  |_   _| ____/ ___|_   _| |  _ \ / \  / ___|/ ___|| ____|  _ \ 
 (_)_____| |   | | |  _| \___ \ | |   | |_) / _ \ \___ \\___ \|  _| | | | |
  _|_____| |   | | | |___ ___) || |   |  __/ ___ \ ___) |___) | |___| |_| |
 (_)     | |   |_| |_____|____/ |_|   |_| /_/   \_\____/|____/|_____|____/ 
        /_/                                                                

TEST PASSED: Search the link UTest
----------------------------------------------------------------------------
]]></system-err>
</testsuite>
